<?xml version="1.0" encoding="UTF-8"?>
<testng-results ignored="0" total="9" passed="9" failed="0" skipped="0">
  <reporter-output>
  </reporter-output>
  <suite started-at="2025-03-06T15:41:22 IST" name="Suite" finished-at="2025-03-06T15:44:03 IST" duration-ms="160520">
    <groups>
      <group name="cucumber">
        <method signature="AbstractTestNGCucumberTests.runScenario(io.cucumber.testng.PickleWrapper,io.cucumber.testng.FeatureWrapper)[pri:0, instance:com.testRunner.Runner@21d03963]" name="runScenario" class="io.cucumber.testng.AbstractTestNGCucumberTests"/>
      </group> <!-- cucumber -->
    </groups>
    <test started-at="2025-03-06T15:41:22 IST" name="FlipkartAutomation" finished-at="2025-03-06T15:44:03 IST" duration-ms="160520">
      <class name="com.testRunner.Runner">
        <test-method is-config="true" signature="setUpClass(org.testng.ITestContext)[pri:0, instance:com.testRunner.Runner@21d03963]" started-at="2025-03-06T15:41:22 IST" name="setUpClass" finished-at="2025-03-06T15:41:23 IST" duration-ms="348" status="PASS">
          <params>
            <param index="0">
              <value>
                <![CDATA[org.testng.TestRunner@4c8abec7]]>
              </value>
            </param>
          </params>
          <reporter-output>
          </reporter-output>
        </test-method> <!-- setUpClass -->
        <test-method signature="runScenario(io.cucumber.testng.PickleWrapper,io.cucumber.testng.FeatureWrapper)[pri:0, instance:com.testRunner.Runner@21d03963]" started-at="2025-03-06T15:41:23 IST" name="runScenario" description="Runs Cucumber Scenarios" data-provider="scenarios" finished-at="2025-03-06T15:41:51 IST" duration-ms="28247" status="PASS">
          <params>
            <param index="0">
              <value>
                <![CDATA["To validate the search functionality"]]>
              </value>
            </param>
            <param index="1">
              <value>
                <![CDATA["To validate the Flipkart Application"]]>
              </value>
            </param>
          </params>
          <reporter-output>
          </reporter-output>
        </test-method> <!-- runScenario -->
        <test-method signature="runScenario(io.cucumber.testng.PickleWrapper,io.cucumber.testng.FeatureWrapper)[pri:0, instance:com.testRunner.Runner@21d03963]" started-at="2025-03-06T15:41:51 IST" name="runScenario" description="Runs Cucumber Scenarios" data-provider="scenarios" finished-at="2025-03-06T15:42:10 IST" duration-ms="18898" status="PASS">
          <params>
            <param index="0">
              <value>
                <![CDATA["To validate the Electronic functionality"]]>
              </value>
            </param>
            <param index="1">
              <value>
                <![CDATA["To validate the Flipkart Application"]]>
              </value>
            </param>
          </params>
          <reporter-output>
          </reporter-output>
        </test-method> <!-- runScenario -->
        <test-method signature="runScenario(io.cucumber.testng.PickleWrapper,io.cucumber.testng.FeatureWrapper)[pri:0, instance:com.testRunner.Runner@21d03963]" started-at="2025-03-06T15:42:10 IST" name="runScenario" description="Runs Cucumber Scenarios" data-provider="scenarios" finished-at="2025-03-06T15:42:16 IST" duration-ms="5898" status="PASS">
          <params>
            <param index="0">
              <value>
                <![CDATA["To valiadate the search functionality with diffrenet title"]]>
              </value>
            </param>
            <param index="1">
              <value>
                <![CDATA["To validate the Flipkart Application"]]>
              </value>
            </param>
          </params>
          <reporter-output>
          </reporter-output>
        </test-method> <!-- runScenario -->
        <test-method signature="runScenario(io.cucumber.testng.PickleWrapper,io.cucumber.testng.FeatureWrapper)[pri:0, instance:com.testRunner.Runner@21d03963]" started-at="2025-03-06T15:42:16 IST" name="runScenario" description="Runs Cucumber Scenarios" data-provider="scenarios" finished-at="2025-03-06T15:42:22 IST" duration-ms="6304" status="PASS">
          <params>
            <param index="0">
              <value>
                <![CDATA["To valiadate the search functionality with diffrenet title"]]>
              </value>
            </param>
            <param index="1">
              <value>
                <![CDATA["To validate the Flipkart Application"]]>
              </value>
            </param>
          </params>
          <reporter-output>
          </reporter-output>
        </test-method> <!-- runScenario -->
        <test-method signature="runScenario(io.cucumber.testng.PickleWrapper,io.cucumber.testng.FeatureWrapper)[pri:0, instance:com.testRunner.Runner@21d03963]" started-at="2025-03-06T15:42:22 IST" name="runScenario" description="Runs Cucumber Scenarios" data-provider="scenarios" finished-at="2025-03-06T15:42:28 IST" duration-ms="6066" status="PASS">
          <params>
            <param index="0">
              <value>
                <![CDATA["To valiadate the search functionality with diffrenet title"]]>
              </value>
            </param>
            <param index="1">
              <value>
                <![CDATA["To validate the Flipkart Application"]]>
              </value>
            </param>
          </params>
          <reporter-output>
          </reporter-output>
        </test-method> <!-- runScenario -->
        <test-method signature="runScenario(io.cucumber.testng.PickleWrapper,io.cucumber.testng.FeatureWrapper)[pri:0, instance:com.testRunner.Runner@21d03963]" started-at="2025-03-06T15:42:28 IST" name="runScenario" description="Runs Cucumber Scenarios" data-provider="scenarios" finished-at="2025-03-06T15:42:34 IST" duration-ms="5990" status="PASS">
          <params>
            <param index="0">
              <value>
                <![CDATA["To valiadate the search functionality with diffrenet title"]]>
              </value>
            </param>
            <param index="1">
              <value>
                <![CDATA["To validate the Flipkart Application"]]>
              </value>
            </param>
          </params>
          <reporter-output>
          </reporter-output>
        </test-method> <!-- runScenario -->
        <test-method signature="runScenario(io.cucumber.testng.PickleWrapper,io.cucumber.testng.FeatureWrapper)[pri:0, instance:com.testRunner.Runner@21d03963]" started-at="2025-03-06T15:42:34 IST" name="runScenario" description="Runs Cucumber Scenarios" data-provider="scenarios" finished-at="2025-03-06T15:42:54 IST" duration-ms="19979" status="PASS">
          <params>
            <param index="0">
              <value>
                <![CDATA["To validate upto addcart functionality"]]>
              </value>
            </param>
            <param index="1">
              <value>
                <![CDATA["To validate the Flipkart Application"]]>
              </value>
            </param>
          </params>
          <reporter-output>
          </reporter-output>
        </test-method> <!-- runScenario -->
        <test-method signature="runScenario(io.cucumber.testng.PickleWrapper,io.cucumber.testng.FeatureWrapper)[pri:0, instance:com.testRunner.Runner@21d03963]" started-at="2025-03-06T15:42:54 IST" name="runScenario" description="Runs Cucumber Scenarios" data-provider="scenarios" finished-at="2025-03-06T15:43:01 IST" duration-ms="7005" status="PASS">
          <params>
            <param index="0">
              <value>
                <![CDATA["To get the title and price from search result"]]>
              </value>
            </param>
            <param index="1">
              <value>
                <![CDATA["To validate the Flipkart Application"]]>
              </value>
            </param>
          </params>
          <reporter-output>
          </reporter-output>
        </test-method> <!-- runScenario -->
        <test-method signature="runScenario(io.cucumber.testng.PickleWrapper,io.cucumber.testng.FeatureWrapper)[pri:0, instance:com.testRunner.Runner@21d03963]" started-at="2025-03-06T15:43:01 IST" name="runScenario" description="Runs Cucumber Scenarios" data-provider="scenarios" finished-at="2025-03-06T15:44:02 IST" duration-ms="60960" status="PASS">
          <params>
            <param index="0">
              <value>
                <![CDATA["To test the search fuctionality with excel sheet"]]>
              </value>
            </param>
            <param index="1">
              <value>
                <![CDATA["To validate the Flipkart Application"]]>
              </value>
            </param>
          </params>
          <reporter-output>
          </reporter-output>
        </test-method> <!-- runScenario -->
        <test-method is-config="true" signature="tearDownClass()[pri:0, instance:com.testRunner.Runner@21d03963]" started-at="2025-03-06T15:44:02 IST" name="tearDownClass" finished-at="2025-03-06T15:44:03 IST" duration-ms="583" status="PASS">
          <reporter-output>
          </reporter-output>
        </test-method> <!-- tearDownClass -->
      </class> <!-- com.testRunner.Runner -->
    </test> <!-- FlipkartAutomation -->
  </suite> <!-- Suite -->
</testng-results>
